322.976
285.76
282.304
280.256
261.856
263.552
261.376
262.976
260.992
263.04
261.088
262.272
262.688
262.752
268.768
261.984
264.16
260.544
259.936
260.48
261.76
261.76
259.968
262.592
259.68
261.824
260.928
272.192
277.6
260.224
260.192
259.552
262.304
261.312
261.056
260.224
259.392
259.456
259.744
261.024
259.392
261.792
261.856
262.4
261.248
260.608
260.768
260.864
261.44
261.984
261.568
261.92
260.224
261.056
266.368
260.416
259.968
261.824
262.144
260.736
274.752
259.424
261.024
260.48
261.664
277.44
277.312
284.128
277.408
266.848
258.784
260.704
262.528
260
259.744
259.744
259.808
260.096
260.544
261.024
265.664
260.576
260.544
276.608
294.048
266.944
260.32
259.104
259.648
259.136
259.904
260.16
260.416
282.624
258.72
258.4
257.984
257.824
258.592
259.744
258.528
259.776
259.744
260.256
259.84
258.944
264.096
259.072
259.136
258.016
258.976
259.168
259.104
269.568
263.936
258.72
258.848
258.4
260.864
264.8
259.936
257.28
259.968
258.24
257.92
259.232
257.984
259.456
258.688
256.832
263.616
275.872
279.552
274.08
279.584
260.192
257.888
258.368
258.432
259.2
258.112
258.496
256.672
259.136
257.632
262.176
258.08
256.864
259.776
257.888
258.688
259.328
259.968
258.24
256.064
258.656
260.384
257.12
257.824
264.16
272.896
257.152
257.248
256.8
257.344
256.448
257.312
257.248
258.144
257.248
257.632
259.168
263.584
257.408
256.864
257.12
255.072
259.328
256.224
258.272
257.568
257.184
257.536
257.184
258.432
261.984
259.008
258.08
257.376
257.312
255.136
257.568
271.456
256.576
257.984
255.296
257.856
270.592
276.736
270.656
275.392
269.984
255.104
258.72
256.48
257.28
255.872
255.808
258.528
257.824
255.552
257.216
263.2
256.16
255.2
254.368
256.736
255.2
255.328
255.488
256.384
255.936
256.352
256.32
255.456
260.704
256.384
255.712
257.696
256.256
256.256
255.872
257.248
256.8
256.32
255.488
255.616
255.392
255.104
262.208
255.872
257.504
256.608
257.056
255.52
255.424
255.424
255.744
256.992
255.52
256.96
255.68
259.744
255.328
257.472
256.736
255.744
255.104
255.968
255.36
255.904
257.312
255.136
256.832
266.112
279.008
276.864
273.888
265.696
258.528
255.552
256.256
255.04
256.736
256
254.784
253.92
256.448
256.256
261.664
255.904
255.424
258.336
255.552
256.768
255.456
257.12
255.968
256.544
254.88
254.72
254.944
256.992
255.264
255.84
255.776
254.528
256.352
255.424
253.696
256.576
256.352
253.952
255.2
254.144
256.48
259.584
256.32
254.944
254.624
256.32
256
257.248
255.68
256.672
255.808
256.288
256.064
256.576
259.328
255.136
254.144
256.8
255.296
254.88
254.016
256.32
255.488
255.008
254.752
255.936
257.728
271.936
270.016
278.368
272.736
257.568
255.424
255.68
257.312
254.944
253.952
254.24
255.52
255.84
254.72
258.208
255.392
254.688
255.584
256.256
256.192
255.072
254.816
256.512
254.976
256.288
256.16
255.84
260.128
255.072
254.464
255.392
254.208
254.528
255.872
255.584
256.416
255.808
254.816
256.192
254.592
254.56
262.848
255.712
256.352
256.48
255.104
254.336
253.728
256
254.816
255.808
255.392
255.232
254.272
259.52
256.448
255.808
254.432
255.424
257.088
256
255.104
255.52
255.808
254.784
255.36
255.328
275.328
268.192
273.76
274.048
259.456
255.648
255.84
255.2
256.448
255.936
254.784
254.752
256.64
253.088
259.904
255.328
254.016
255.904
254.08
254.272
254.88
254.816
255.296
256.768
254.752
255.52
255.36
355.84
270.272
256.448
257.504
254.912
256.512
253.984
255.264
255.584
254.816
255.488
255.52
255.808
258.56
256.128
257.376
256.224
254.912
255.04
255.04
255.392
256.384
260.096
254.272
255.456
257.024
256.48
262.848
256.32
255.776
256.544
255.328
255.872
254.976
256.64
256.352
256.192
257.504
256.128
260.384
274.976
275.008
269.248
274.08
255.84
255.616
255.68
255.808
256.8
255.232
256.192
256.96
254.112
260.608
256.416
256.416
256.768
255.488
253.504
255.392
255.712
255.2
254.336
255.296
255.968
255.168
257.728
258.784
256.544
255.776
255.808
256.032
255.712
254.72
255.392
254.208
255.04
254.56
255.2
256.64
255.84
256.384
256.64
256.288
255.872
255.616
255.744
256.448
255.136
254.944
256.544
255.712
256.384
255.136
262.272
256.032
255.392
254.944
254.368
255.264
256.672
254.528
256.288
255.104
256.512
255.776
254.176
274.976
272.032
275.52
270.048
262.464
256.32
254.752
253.12
256.48
256.128
257.12
254.848
256.736
261.248
256.896
255.424
254.24
255.04
254.016
256.576
255.648
254.048
255.2
256.448
255.232
254.848
257.536
259.808
255.104
255.104
255.808
253.728
254.4
254.816
255.872
255.808
256.384
256.32
253.44
255.392
259.136
254.88
255.36
256.128
256.224
255.072
257.344
255.168
254.752
255.648
254.848
255.2
255.392
255.744
265.984
254.944
256.192
256.064
255.776
255.968
257.152
257.792
254.752
256.032
254.848
255.232
254.72
281.6
270.016
274.88
268.672
265.248
255.872
255.552
253.6
254.848
255.392
254.944
257.024
256.032
256.48
256.256
255.392
254.688
254.368
253.952
255.584
255.648
254.752
255.296
254.528
254.112
255.84
256.864
261.088
254.816
256.128
254.72
255.264
254.784
255.456
256.736
255.872
255.616
252.832
254.688
255.52
258.88
256.832
255.296
254.528
255.744
256.064
254.112
256.512
255.968
256.16
254.912
253.856
256.16
255.232
261.184
255.776
267.488
270.496
255.84
255.2
253.408
255.776
255.424
256.736
255.808
255.68
255.104
271.168
278.08
269.696
273.248
274.048
408.288
269.824
255.52
254.944
256.512
256.128
256.128
258.112
256.608
256.096
255.84
256.288
257.44
254.72
255.84
254.816
256.8
255.456
255.392
255.072
256.352
259.328
256.256
255.04
261.472
255.552
255.68
254.88
255.584
256.224
255.2
255.424
256.16
254.72
258.688
255.296
255.392
255.584
255.296
253.376
255.872
256.224
256
254.4
255.552
256.096
254.56
256.384
261.376
255.712
255.776
254.336
256.896
256.864
253.248
254.752
256.64
254.784
256.16
256.544
255.968
262.848
270.432
273.728
270.464
278.432
255.392
255.68
254.528
254.176
254.752
256.064
255.232
254.816
257.792
257.632
254.624
255.296
254.24
254.016
256.128
255.232
254.72
254.4
255.072
254.432
254.656
253.472
259.04
254.88
253.984
254.656
256.928
255.68
254.432
255.168
254.464
254.528
254.432
254.656
255.392
260.96
255.872
253.856
254.944
256.032
254.912
253.6
254.72
256.32
265.28
268.864
253.088
254.4
255.392
261.152
256.128
255.968
254.976
255.04
254.432
255.712
253.568
255.68
253.888
253.568
284.704
257.632
268.64
272.224
272.416
266.688
269.568
255.232
254.528
254.4
256.64
254.496
256.096
256.832
254.88
260.32
256.48
255.008
255.776
254.176
255.2
253.952
255.392
254.784
255.744
256
254.624
255.648
254.56
259.264
255.68
253.6
255.232
255.84
255.2
255.488
256.64
254.048
253.568
255.936
255.808
255.392
256.704
255.84
254.176
254.272
255.744
254.08
255.52
254.848
257.12
256.864
255.776
254.848
254.784
255.168
260.512
255.2
253.632
255.552
254.72
254.656
254.56
255.456
255.808
254.784
253.824
254.912
256.736
256.896
274.592
266.112
273.408
272.416
257.184
252.544
256.288
255.808
255.744
253.568
254.752
253.28
258.144
254.72
254.432
254.912
253.152
253.792
255.84
253.472
256.384
256.672
254.368
253.312
256.032
255.488
260.352
256.576
254.208
254.528
254.912
255.584
256
255.712
255.2
255.808
254.976
254.848
253.376
257.312
254.336
255.712
254.368
255.36
254.624
255.744
255.168
255.904
254.624
256.224
256.032
254.272
254.752
256.672
256.48
255.552
255.712
255.424
256.352
254.4
256.224
254.112
254.816
254.144
254.72
254.848
259.84
269.536
275.072
275.936
273.12
266.112
254.944
257.056
255.136
255.264
255.392
254.816
255.584
254.912
257.472
253.888
255.616
256.064
255.424
254.368
254.016
255.808
256.256
255.072
255.2
255.168
253.376
260.032
255.168
252.672
255.424
254.752
256.32
254.24
254.368
253.792
253.952
255.744
254.496
255.008
254.112
257.184
255.616
255.68
255.616
256.288
254.368
253.536
253.376
256.128
255.072
255.264
255.872
255.52
258.368
255.488
256.288
256
256.032
255.84
255.296
255.328
255.264
255.616
256.416
255.104
255.232
